[0.397s] Invoking command in '/home/angel/Projects/chess-project/ros2_ws/build/chess_manager': DEBUGINFOD_URLS=https://debuginfod.ubuntu.com PYTHONPATH=/home/angel/Projects/chess-project/ros2_ws/build/chess_manager/prefix_override:/usr/lib/python3/dist-packages/colcon_core/task/python/colcon_distutils_commands:/home/angel/Projects/chess-project/ros2_ws/install/chess_manager/lib/python3.12/site-packages:${PYTHONPATH} VIRTUAL_ENV_PROMPT=(py_venv) /usr/bin/python3 -W ignore:setup.py install is deprecated -W ignore:easy_install command is deprecated setup.py develop --editable --build-directory /home/angel/Projects/chess-project/ros2_ws/build/chess_manager/build --no-deps symlink_data
[0.554s] running develop
[0.640s] running egg_info
[0.640s] creating chess_manager.egg-info
[0.649s] writing chess_manager.egg-info/PKG-INFO
[0.649s] writing dependency_links to chess_manager.egg-info/dependency_links.txt
[0.649s] writing entry points to chess_manager.egg-info/entry_points.txt
[0.649s] writing requirements to chess_manager.egg-info/requires.txt
[0.649s] writing top-level names to chess_manager.egg-info/top_level.txt
[0.649s] writing manifest file 'chess_manager.egg-info/SOURCES.txt'
[0.666s] reading manifest file 'chess_manager.egg-info/SOURCES.txt'
[0.666s] writing manifest file 'chess_manager.egg-info/SOURCES.txt'
[0.675s] running build_ext
[0.675s] Creating /home/angel/Projects/chess-project/ros2_ws/install/chess_manager/lib/python3.12/site-packages/chess-manager.egg-link (link to .)
[0.675s] Installing node script to /home/angel/Projects/chess-project/ros2_ws/install/chess_manager/lib/chess_manager
[0.675s] Installing robot_move script to /home/angel/Projects/chess-project/ros2_ws/install/chess_manager/lib/chess_manager
[0.675s] Installing robot_move_publisher script to /home/angel/Projects/chess-project/ros2_ws/install/chess_manager/lib/chess_manager
[0.675s] 
[0.676s] Installed /home/angel/Projects/chess-project/ros2_ws/build/chess_manager
[0.676s] running symlink_data
[0.676s] creating /home/angel/Projects/chess-project/ros2_ws/install/chess_manager/share/ament_index
[0.676s] creating /home/angel/Projects/chess-project/ros2_ws/install/chess_manager/share/ament_index/resource_index
[0.676s] creating /home/angel/Projects/chess-project/ros2_ws/install/chess_manager/share/ament_index/resource_index/packages
[0.676s] symbolically linking /home/angel/Projects/chess-project/ros2_ws/build/chess_manager/resource/chess_manager -> /home/angel/Projects/chess-project/ros2_ws/install/chess_manager/share/ament_index/resource_index/packages
[0.676s] symbolically linking /home/angel/Projects/chess-project/ros2_ws/build/chess_manager/package.xml -> /home/angel/Projects/chess-project/ros2_ws/install/chess_manager/share/chess_manager
[0.691s] Invoked command in '/home/angel/Projects/chess-project/ros2_ws/build/chess_manager' returned '0': DEBUGINFOD_URLS=https://debuginfod.ubuntu.com PYTHONPATH=/home/angel/Projects/chess-project/ros2_ws/build/chess_manager/prefix_override:/usr/lib/python3/dist-packages/colcon_core/task/python/colcon_distutils_commands:/home/angel/Projects/chess-project/ros2_ws/install/chess_manager/lib/python3.12/site-packages:${PYTHONPATH} VIRTUAL_ENV_PROMPT=(py_venv) /usr/bin/python3 -W ignore:setup.py install is deprecated -W ignore:easy_install command is deprecated setup.py develop --editable --build-directory /home/angel/Projects/chess-project/ros2_ws/build/chess_manager/build --no-deps symlink_data
